<?xml version="1.0" encoding="UTF-8"?>
<!-- Generated by org.testng.reporters.JUnitReportReporter -->
<testsuite hostname="DESKTOP-FID91T4" failures="0" tests="2" name="com.simplilearn.testng.amazon.AmazonSearchTest" time="5.389" errors="0" timestamp="2023-12-19T17:05:06 IST" skipped="0">
  <testcase classname="com.simplilearn.testng.amazon.AmazonSearchTest" name="testSearch2" time="2.521"/>
  <testcase classname="com.simplilearn.testng.amazon.AmazonSearchTest" name="testSearch1" time="2.868"/>
</testsuite> <!-- com.simplilearn.testng.amazon.AmazonSearchTest -->
